2021-09-09 09:54:02,949 ERROR [http-nio-8080-exec-9] c.h.t.c.a.ExceptionAdvice [ExceptionAdvice.java:29] 服务器发生异常:
### Error updating database.  Cause: java.sql.SQLIntegrityConstraintViolationException: Column 'cacheControl' cannot be null
### The error may exist in file [E:\workspace_idea\text\target\classes\mapper\http-mapper.xml]
### The error may involve com.hit.text.dao.HttpMapper.insertHttp-Inline
### The error occurred while setting parameters
### SQL: insert into http (          `time`,`ip`,`port`,`url`,`protocol`,`connection`,`cacheControl`,`acceptEncoding`,`accept`,`target`      )         values (?,?,?,?,?,?,?,?,?,?)
### Cause: java.sql.SQLIntegrityConstraintViolationException: Column 'cacheControl' cannot be null
; Column 'cacheControl' cannot be null; nested exception is java.sql.SQLIntegrityConstraintViolationException: Column 'cacheControl' cannot be null
2021-09-09 09:54:02,951 ERROR [http-nio-8080-exec-9] c.h.t.c.a.ExceptionAdvice [ExceptionAdvice.java:31] org.springframework.jdbc.support.SQLExceptionSubclassTranslator.doTranslate(SQLExceptionSubclassTranslator.java:87)
2021-09-09 09:54:02,951 ERROR [http-nio-8080-exec-9] c.h.t.c.a.ExceptionAdvice [ExceptionAdvice.java:31] org.springframework.jdbc.support.AbstractFallbackSQLExceptionTranslator.translate(AbstractFallbackSQLExceptionTranslator.java:70)
2021-09-09 09:54:02,951 ERROR [http-nio-8080-exec-9] c.h.t.c.a.ExceptionAdvice [ExceptionAdvice.java:31] org.springframework.jdbc.support.AbstractFallbackSQLExceptionTranslator.translate(AbstractFallbackSQLExceptionTranslator.java:79)
2021-09-09 09:54:02,951 ERROR [http-nio-8080-exec-9] c.h.t.c.a.ExceptionAdvice [ExceptionAdvice.java:31] org.mybatis.spring.MyBatisExceptionTranslator.translateExceptionIfPossible(MyBatisExceptionTranslator.java:91)
2021-09-09 09:54:02,952 ERROR [http-nio-8080-exec-9] c.h.t.c.a.ExceptionAdvice [ExceptionAdvice.java:31] org.mybatis.spring.SqlSessionTemplate$SqlSessionInterceptor.invoke(SqlSessionTemplate.java:441)
2021-09-09 09:54:02,952 ERROR [http-nio-8080-exec-9] c.h.t.c.a.ExceptionAdvice [ExceptionAdvice.java:31] com.sun.proxy.$Proxy72.insert(Unknown Source)
2021-09-09 09:54:02,952 ERROR [http-nio-8080-exec-9] c.h.t.c.a.ExceptionAdvice [ExceptionAdvice.java:31] org.mybatis.spring.SqlSessionTemplate.insert(SqlSessionTemplate.java:272)
2021-09-09 09:54:02,952 ERROR [http-nio-8080-exec-9] c.h.t.c.a.ExceptionAdvice [ExceptionAdvice.java:31] org.apache.ibatis.binding.MapperMethod.execute(MapperMethod.java:62)
2021-09-09 09:54:02,952 ERROR [http-nio-8080-exec-9] c.h.t.c.a.ExceptionAdvice [ExceptionAdvice.java:31] org.apache.ibatis.binding.MapperProxy$PlainMethodInvoker.invoke(MapperProxy.java:152)
2021-09-09 09:54:02,953 ERROR [http-nio-8080-exec-9] c.h.t.c.a.ExceptionAdvice [ExceptionAdvice.java:31] org.apache.ibatis.binding.MapperProxy.invoke(MapperProxy.java:85)
2021-09-09 09:54:02,953 ERROR [http-nio-8080-exec-9] c.h.t.c.a.ExceptionAdvice [ExceptionAdvice.java:31] com.sun.proxy.$Proxy73.insertHttp(Unknown Source)
2021-09-09 09:54:02,953 ERROR [http-nio-8080-exec-9] c.h.t.c.a.ExceptionAdvice [ExceptionAdvice.java:31] com.hit.text.aspect.ServiceLogAspect.before(ServiceLogAspect.java:54)
2021-09-09 09:54:02,953 ERROR [http-nio-8080-exec-9] c.h.t.c.a.ExceptionAdvice [ExceptionAdvice.java:31] sun.reflect.NativeMethodAccessorImpl.invoke0(Native Method)
2021-09-09 09:54:02,953 ERROR [http-nio-8080-exec-9] c.h.t.c.a.ExceptionAdvice [ExceptionAdvice.java:31] sun.reflect.NativeMethodAccessorImpl.invoke(NativeMethodAccessorImpl.java:62)
2021-09-09 09:54:02,953 ERROR [http-nio-8080-exec-9] c.h.t.c.a.ExceptionAdvice [ExceptionAdvice.java:31] sun.reflect.DelegatingMethodAccessorImpl.invoke(DelegatingMethodAccessorImpl.java:43)
2021-09-09 09:54:02,954 ERROR [http-nio-8080-exec-9] c.h.t.c.a.ExceptionAdvice [ExceptionAdvice.java:31] java.lang.reflect.Method.invoke(Method.java:498)
2021-09-09 09:54:02,954 ERROR [http-nio-8080-exec-9] c.h.t.c.a.ExceptionAdvice [ExceptionAdvice.java:31] org.springframework.aop.aspectj.AbstractAspectJAdvice.invokeAdviceMethodWithGivenArgs(AbstractAspectJAdvice.java:634)
2021-09-09 09:54:02,954 ERROR [http-nio-8080-exec-9] c.h.t.c.a.ExceptionAdvice [ExceptionAdvice.java:31] org.springframework.aop.aspectj.AbstractAspectJAdvice.invokeAdviceMethod(AbstractAspectJAdvice.java:617)
2021-09-09 09:54:02,954 ERROR [http-nio-8080-exec-9] c.h.t.c.a.ExceptionAdvice [ExceptionAdvice.java:31] org.springframework.aop.aspectj.AspectJMethodBeforeAdvice.before(AspectJMethodBeforeAdvice.java:44)
2021-09-09 09:54:02,954 ERROR [http-nio-8080-exec-9] c.h.t.c.a.ExceptionAdvice [ExceptionAdvice.java:31] org.springframework.aop.framework.adapter.MethodBeforeAdviceInterceptor.invoke(MethodBeforeAdviceInterceptor.java:57)
2021-09-09 09:54:02,955 ERROR [http-nio-8080-exec-9] c.h.t.c.a.ExceptionAdvice [ExceptionAdvice.java:31] org.springframework.aop.framework.ReflectiveMethodInvocation.proceed(ReflectiveMethodInvocation.java:186)
2021-09-09 09:54:02,955 ERROR [http-nio-8080-exec-9] c.h.t.c.a.ExceptionAdvice [ExceptionAdvice.java:31] org.springframework.aop.framework.CglibAopProxy$CglibMethodInvocation.proceed(CglibAopProxy.java:749)
2021-09-09 09:54:02,955 ERROR [http-nio-8080-exec-9] c.h.t.c.a.ExceptionAdvice [ExceptionAdvice.java:31] org.springframework.aop.interceptor.ExposeInvocationInterceptor.invoke(ExposeInvocationInterceptor.java:97)
2021-09-09 09:54:02,955 ERROR [http-nio-8080-exec-9] c.h.t.c.a.ExceptionAdvice [ExceptionAdvice.java:31] org.springframework.aop.framework.ReflectiveMethodInvocation.proceed(ReflectiveMethodInvocation.java:186)
2021-09-09 09:54:02,955 ERROR [http-nio-8080-exec-9] c.h.t.c.a.ExceptionAdvice [ExceptionAdvice.java:31] org.springframework.aop.framework.CglibAopProxy$CglibMethodInvocation.proceed(CglibAopProxy.java:749)
2021-09-09 09:54:02,955 ERROR [http-nio-8080-exec-9] c.h.t.c.a.ExceptionAdvice [ExceptionAdvice.java:31] org.springframework.aop.framework.CglibAopProxy$DynamicAdvisedInterceptor.intercept(CglibAopProxy.java:691)
2021-09-09 09:54:02,955 ERROR [http-nio-8080-exec-9] c.h.t.c.a.ExceptionAdvice [ExceptionAdvice.java:31] com.hit.text.service.StudentService$$EnhancerBySpringCGLIB$$1c3d30fc.findStudentById(<generated>)
2021-09-09 09:54:02,955 ERROR [http-nio-8080-exec-9] c.h.t.c.a.ExceptionAdvice [ExceptionAdvice.java:31] com.hit.text.controller.StudentController.getDetails(StudentController.java:42)
2021-09-09 09:54:02,955 ERROR [http-nio-8080-exec-9] c.h.t.c.a.ExceptionAdvice [ExceptionAdvice.java:31] sun.reflect.NativeMethodAccessorImpl.invoke0(Native Method)
2021-09-09 09:54:02,956 ERROR [http-nio-8080-exec-9] c.h.t.c.a.ExceptionAdvice [ExceptionAdvice.java:31] sun.reflect.NativeMethodAccessorImpl.invoke(NativeMethodAccessorImpl.java:62)
2021-09-09 09:54:02,956 ERROR [http-nio-8080-exec-9] c.h.t.c.a.ExceptionAdvice [ExceptionAdvice.java:31] sun.reflect.DelegatingMethodAccessorImpl.invoke(DelegatingMethodAccessorImpl.java:43)
2021-09-09 09:54:02,956 ERROR [http-nio-8080-exec-9] c.h.t.c.a.ExceptionAdvice [ExceptionAdvice.java:31] java.lang.reflect.Method.invoke(Method.java:498)
2021-09-09 09:54:02,956 ERROR [http-nio-8080-exec-9] c.h.t.c.a.ExceptionAdvice [ExceptionAdvice.java:31] org.springframework.web.method.support.InvocableHandlerMethod.doInvoke(InvocableHandlerMethod.java:197)
2021-09-09 09:54:02,956 ERROR [http-nio-8080-exec-9] c.h.t.c.a.ExceptionAdvice [ExceptionAdvice.java:31] org.springframework.web.method.support.InvocableHandlerMethod.invokeForRequest(InvocableHandlerMethod.java:141)
2021-09-09 09:54:02,956 ERROR [http-nio-8080-exec-9] c.h.t.c.a.ExceptionAdvice [ExceptionAdvice.java:31] org.springframework.web.servlet.mvc.method.annotation.ServletInvocableHandlerMethod.invokeAndHandle(ServletInvocableHandlerMethod.java:106)
2021-09-09 09:54:02,956 ERROR [http-nio-8080-exec-9] c.h.t.c.a.ExceptionAdvice [ExceptionAdvice.java:31] org.springframework.web.servlet.mvc.method.annotation.RequestMappingHandlerAdapter.invokeHandlerMethod(RequestMappingHandlerAdapter.java:894)
2021-09-09 09:54:02,956 ERROR [http-nio-8080-exec-9] c.h.t.c.a.ExceptionAdvice [ExceptionAdvice.java:31] org.springframework.web.servlet.mvc.method.annotation.RequestMappingHandlerAdapter.handleInternal(RequestMappingHandlerAdapter.java:808)
2021-09-09 09:54:02,956 ERROR [http-nio-8080-exec-9] c.h.t.c.a.ExceptionAdvice [ExceptionAdvice.java:31] org.springframework.web.servlet.mvc.method.AbstractHandlerMethodAdapter.handle(AbstractHandlerMethodAdapter.java:87)
2021-09-09 09:54:02,956 ERROR [http-nio-8080-exec-9] c.h.t.c.a.ExceptionAdvice [ExceptionAdvice.java:31] org.springframework.web.servlet.DispatcherServlet.doDispatch(DispatcherServlet.java:1061)
2021-09-09 09:54:02,957 ERROR [http-nio-8080-exec-9] c.h.t.c.a.ExceptionAdvice [ExceptionAdvice.java:31] org.springframework.web.servlet.DispatcherServlet.doService(DispatcherServlet.java:961)
2021-09-09 09:54:02,957 ERROR [http-nio-8080-exec-9] c.h.t.c.a.ExceptionAdvice [ExceptionAdvice.java:31] org.springframework.web.servlet.FrameworkServlet.processRequest(FrameworkServlet.java:1006)
2021-09-09 09:54:02,957 ERROR [http-nio-8080-exec-9] c.h.t.c.a.ExceptionAdvice [ExceptionAdvice.java:31] org.springframework.web.servlet.FrameworkServlet.doGet(FrameworkServlet.java:898)
2021-09-09 09:54:02,957 ERROR [http-nio-8080-exec-9] c.h.t.c.a.ExceptionAdvice [ExceptionAdvice.java:31] javax.servlet.http.HttpServlet.service(HttpServlet.java:626)
2021-09-09 09:54:02,957 ERROR [http-nio-8080-exec-9] c.h.t.c.a.ExceptionAdvice [ExceptionAdvice.java:31] org.springframework.web.servlet.FrameworkServlet.service(FrameworkServlet.java:883)
2021-09-09 09:54:02,957 ERROR [http-nio-8080-exec-9] c.h.t.c.a.ExceptionAdvice [ExceptionAdvice.java:31] javax.servlet.http.HttpServlet.service(HttpServlet.java:733)
2021-09-09 09:54:02,957 ERROR [http-nio-8080-exec-9] c.h.t.c.a.ExceptionAdvice [ExceptionAdvice.java:31] org.apache.catalina.core.ApplicationFilterChain.internalDoFilter(ApplicationFilterChain.java:231)
2021-09-09 09:54:02,957 ERROR [http-nio-8080-exec-9] c.h.t.c.a.ExceptionAdvice [ExceptionAdvice.java:31] org.apache.catalina.core.ApplicationFilterChain.doFilter(ApplicationFilterChain.java:166)
2021-09-09 09:54:02,957 ERROR [http-nio-8080-exec-9] c.h.t.c.a.ExceptionAdvice [ExceptionAdvice.java:31] org.apache.tomcat.websocket.server.WsFilter.doFilter(WsFilter.java:53)
2021-09-09 09:54:02,957 ERROR [http-nio-8080-exec-9] c.h.t.c.a.ExceptionAdvice [ExceptionAdvice.java:31] org.apache.catalina.core.ApplicationFilterChain.internalDoFilter(ApplicationFilterChain.java:193)
2021-09-09 09:54:02,958 ERROR [http-nio-8080-exec-9] c.h.t.c.a.ExceptionAdvice [ExceptionAdvice.java:31] org.apache.catalina.core.ApplicationFilterChain.doFilter(ApplicationFilterChain.java:166)
2021-09-09 09:54:02,958 ERROR [http-nio-8080-exec-9] c.h.t.c.a.ExceptionAdvice [ExceptionAdvice.java:31] org.springframework.web.filter.RequestContextFilter.doFilterInternal(RequestContextFilter.java:100)
2021-09-09 09:54:02,958 ERROR [http-nio-8080-exec-9] c.h.t.c.a.ExceptionAdvice [ExceptionAdvice.java:31] org.springframework.web.filter.OncePerRequestFilter.doFilter(OncePerRequestFilter.java:119)
2021-09-09 09:54:02,958 ERROR [http-nio-8080-exec-9] c.h.t.c.a.ExceptionAdvice [ExceptionAdvice.java:31] org.apache.catalina.core.ApplicationFilterChain.internalDoFilter(ApplicationFilterChain.java:193)
2021-09-09 09:54:02,958 ERROR [http-nio-8080-exec-9] c.h.t.c.a.ExceptionAdvice [ExceptionAdvice.java:31] org.apache.catalina.core.ApplicationFilterChain.doFilter(ApplicationFilterChain.java:166)
2021-09-09 09:54:02,958 ERROR [http-nio-8080-exec-9] c.h.t.c.a.ExceptionAdvice [ExceptionAdvice.java:31] org.springframework.web.filter.FormContentFilter.doFilterInternal(FormContentFilter.java:93)
2021-09-09 09:54:02,958 ERROR [http-nio-8080-exec-9] c.h.t.c.a.ExceptionAdvice [ExceptionAdvice.java:31] org.springframework.web.filter.OncePerRequestFilter.doFilter(OncePerRequestFilter.java:119)
2021-09-09 09:54:02,958 ERROR [http-nio-8080-exec-9] c.h.t.c.a.ExceptionAdvice [ExceptionAdvice.java:31] org.apache.catalina.core.ApplicationFilterChain.internalDoFilter(ApplicationFilterChain.java:193)
2021-09-09 09:54:02,958 ERROR [http-nio-8080-exec-9] c.h.t.c.a.ExceptionAdvice [ExceptionAdvice.java:31] org.apache.catalina.core.ApplicationFilterChain.doFilter(ApplicationFilterChain.java:166)
2021-09-09 09:54:02,958 ERROR [http-nio-8080-exec-9] c.h.t.c.a.ExceptionAdvice [ExceptionAdvice.java:31] org.springframework.web.filter.CharacterEncodingFilter.doFilterInternal(CharacterEncodingFilter.java:201)
2021-09-09 09:54:02,959 ERROR [http-nio-8080-exec-9] c.h.t.c.a.ExceptionAdvice [ExceptionAdvice.java:31] org.springframework.web.filter.OncePerRequestFilter.doFilter(OncePerRequestFilter.java:119)
2021-09-09 09:54:02,959 ERROR [http-nio-8080-exec-9] c.h.t.c.a.ExceptionAdvice [ExceptionAdvice.java:31] org.apache.catalina.core.ApplicationFilterChain.internalDoFilter(ApplicationFilterChain.java:193)
2021-09-09 09:54:02,959 ERROR [http-nio-8080-exec-9] c.h.t.c.a.ExceptionAdvice [ExceptionAdvice.java:31] org.apache.catalina.core.ApplicationFilterChain.doFilter(ApplicationFilterChain.java:166)
2021-09-09 09:54:02,959 ERROR [http-nio-8080-exec-9] c.h.t.c.a.ExceptionAdvice [ExceptionAdvice.java:31] org.apache.catalina.core.StandardWrapperValve.invoke(StandardWrapperValve.java:202)
2021-09-09 09:54:02,959 ERROR [http-nio-8080-exec-9] c.h.t.c.a.ExceptionAdvice [ExceptionAdvice.java:31] org.apache.catalina.core.StandardContextValve.invoke(StandardContextValve.java:97)
2021-09-09 09:54:02,959 ERROR [http-nio-8080-exec-9] c.h.t.c.a.ExceptionAdvice [ExceptionAdvice.java:31] org.apache.catalina.authenticator.AuthenticatorBase.invoke(AuthenticatorBase.java:542)
2021-09-09 09:54:02,959 ERROR [http-nio-8080-exec-9] c.h.t.c.a.ExceptionAdvice [ExceptionAdvice.java:31] org.apache.catalina.core.StandardHostValve.invoke(StandardHostValve.java:143)
2021-09-09 09:54:02,959 ERROR [http-nio-8080-exec-9] c.h.t.c.a.ExceptionAdvice [ExceptionAdvice.java:31] org.apache.catalina.valves.ErrorReportValve.invoke(ErrorReportValve.java:92)
2021-09-09 09:54:02,959 ERROR [http-nio-8080-exec-9] c.h.t.c.a.ExceptionAdvice [ExceptionAdvice.java:31] org.apache.catalina.core.StandardEngineValve.invoke(StandardEngineValve.java:78)
2021-09-09 09:54:02,959 ERROR [http-nio-8080-exec-9] c.h.t.c.a.ExceptionAdvice [ExceptionAdvice.java:31] org.apache.catalina.connector.CoyoteAdapter.service(CoyoteAdapter.java:343)
2021-09-09 09:54:02,960 ERROR [http-nio-8080-exec-9] c.h.t.c.a.ExceptionAdvice [ExceptionAdvice.java:31] org.apache.coyote.http11.Http11Processor.service(Http11Processor.java:374)
2021-09-09 09:54:02,960 ERROR [http-nio-8080-exec-9] c.h.t.c.a.ExceptionAdvice [ExceptionAdvice.java:31] org.apache.coyote.AbstractProcessorLight.process(AbstractProcessorLight.java:65)
2021-09-09 09:54:02,960 ERROR [http-nio-8080-exec-9] c.h.t.c.a.ExceptionAdvice [ExceptionAdvice.java:31] org.apache.coyote.AbstractProtocol$ConnectionHandler.process(AbstractProtocol.java:888)
2021-09-09 09:54:02,960 ERROR [http-nio-8080-exec-9] c.h.t.c.a.ExceptionAdvice [ExceptionAdvice.java:31] org.apache.tomcat.util.net.NioEndpoint$SocketProcessor.doRun(NioEndpoint.java:1597)
2021-09-09 09:54:02,960 ERROR [http-nio-8080-exec-9] c.h.t.c.a.ExceptionAdvice [ExceptionAdvice.java:31] org.apache.tomcat.util.net.SocketProcessorBase.run(SocketProcessorBase.java:49)
2021-09-09 09:54:02,960 ERROR [http-nio-8080-exec-9] c.h.t.c.a.ExceptionAdvice [ExceptionAdvice.java:31] java.util.concurrent.ThreadPoolExecutor.runWorker(ThreadPoolExecutor.java:1142)
2021-09-09 09:54:02,960 ERROR [http-nio-8080-exec-9] c.h.t.c.a.ExceptionAdvice [ExceptionAdvice.java:31] java.util.concurrent.ThreadPoolExecutor$Worker.run(ThreadPoolExecutor.java:617)
2021-09-09 09:54:02,960 ERROR [http-nio-8080-exec-9] c.h.t.c.a.ExceptionAdvice [ExceptionAdvice.java:31] org.apache.tomcat.util.threads.TaskThread$WrappingRunnable.run(TaskThread.java:61)
2021-09-09 09:54:02,960 ERROR [http-nio-8080-exec-9] c.h.t.c.a.ExceptionAdvice [ExceptionAdvice.java:31] java.lang.Thread.run(Thread.java:748)
